[    0.000000] Linux version 4.15.0-74-generic (buildd@lcy01-amd64-022) (gcc version 7.4.0 (Ubuntu 7.4.0-1ubuntu1~18.04.1)) #84-Ubuntu SMP Thu Dec 19 08:06:28 UTC 2019 (Ubuntu 4.15.0-74.84-generic 4.15.18)
[    0.000000] Command line: BOOT_IMAGE=/boot/vmlinuz-4.15.0-74-generic root=LABEL=cloudimg-rootfs ro console=tty1 console=ttyS0
[    0.000000] KERNEL supported cpus:
[    0.000000]   Intel GenuineIntel
[    0.000000]   AMD AuthenticAMD
[    0.000000]   Centaur CentaurHauls
[    0.000000] x86/fpu: Supporting XSAVE feature 0x001: 'x87 floating point registers'
[    0.000000] x86/fpu: Supporting XSAVE feature 0x002: 'SSE registers'
[    0.000000] x86/fpu: Supporting XSAVE feature 0x004: 'AVX registers'
[    0.000000] x86/fpu: xstate_offset[2]:  576, xstate_sizes[2]:  256
[    0.000000] x86/fpu: Enabled xstate features 0x7, context size is 832 bytes, using 'standard' format.
[    0.000000] e820: BIOS-provided physical RAM map:
[    0.000000] BIOS-e820: [mem 0x0000000000000000-0x000000000009fbff] usable
[    0.000000] BIOS-e820: [mem 0x000000000009fc00-0x000000000009ffff] reserved
[    0.000000] BIOS-e820: [mem 0x00000000000f0000-0x00000000000fffff] reserved
[    0.000000] BIOS-e820: [mem 0x0000000000100000-0x00000000c17effff] usable
[    0.000000] BIOS-e820: [mem 0x00000000c17f0000-0x00000000c17fffff] ACPI data
[    0.000000] BIOS-e820: [mem 0x00000000fec00000-0x00000000fec00fff] reserved
[    0.000000] BIOS-e820: [mem 0x00000000fee00000-0x00000000fee00fff] reserved
[    0.000000] BIOS-e820: [mem 0x00000000fffc0000-0x00000000ffffffff] reserved
[    0.000000] NX (Execute Disable) protection: active
[    0.000000] SMBIOS 2.5 present.
[    0.000000] DMI: innotek GmbH VirtualBox/VirtualBox, BIOS VirtualBox 12/01/2006
[    0.000000] Hypervisor detected: KVM
[    0.000000] e820: last_pfn = 0xc17f0 max_arch_pfn = 0x400000000
[    0.000000] MTRR: Disabled
[    0.000000] x86/PAT: MTRRs disabled, skipping PAT initialization too.
[    0.000000] CPU MTRRs all blank - virtualized system.
[    0.000000] x86/PAT: Configuration [0-7]: WB  WT  UC- UC  WB  WT  UC- UC  
[    0.000000] found SMP MP-table at [mem 0x0009fff0-0x0009ffff]
[    0.000000] Scanning 1 areas for low memory corruption
[    0.000000] RAMDISK: [mem 0x35a71000-0x36d2ffff]
[    0.000000] ACPI: Early table checksum verification disabled
[    0.000000] ACPI: RSDP 0x00000000000E0000 000024 (v02 VBOX  )
[    0.000000] ACPI: XSDT 0x00000000C17F0030 00003C (v01 VBOX   VBOXXSDT 00000001 ASL  00000061)
[    0.000000] ACPI: FACP 0x00000000C17F00F0 0000F4 (v04 VBOX   VBOXFACP 00000001 ASL  00000061)
[    0.000000] ACPI: DSDT 0x00000000C17F0470 0022EA (v02 VBOX   VBOXBIOS 00000002 INTL 20100528)
[    0.000000] ACPI: FACS 0x00000000C17F0200 000040
[    0.000000] ACPI: FACS 0x00000000C17F0200 000040
[    0.000000] ACPI: APIC 0x00000000C17F0240 00005C (v02 VBOX   VBOXAPIC 00000001 ASL  00000061)
[    0.000000] ACPI: SSDT 0x00000000C17F02A0 0001CC (v01 VBOX   VBOXCPUT 00000002 INTL 20100528)
[    0.000000] No NUMA configuration found
[    0.000000] Faking a node at [mem 0x0000000000000000-0x00000000c17effff]
[    0.000000] NODE_DATA(0) allocated [mem 0xc17c5000-0xc17effff]
[    0.000000] kvm-clock: cpu 0, msr 0:c1744001, primary cpu clock
[    0.000000] kvm-clock: Using msrs 4b564d01 and 4b564d00
[    0.000000] kvm-clock: using sched offset of 4241112245 cycles
[    0.000000] clocksource: kvm-clock: mask: 0xffffffffffffffff max_cycles: 0x1cd42e4dffb, max_idle_ns: 881590591483 ns
[    0.000000] Zone ranges:
[    0.000000]   DMA      [mem 0x0000000000001000-0x0000000000ffffff]
[    0.000000]   DMA32    [mem 0x0000000001000000-0x00000000c17effff]
[    0.000000]   Normal   empty
[    0.000000]   Device   empty
[    0.000000] Movable zone start for each node
[    0.000000] Early memory node ranges
[    0.000000]   node   0: [mem 0x0000000000001000-0x000000000009efff]
[    0.000000]   node   0: [mem 0x0000000000100000-0x00000000c17effff]
[    0.000000] Reserved but unavailable: 98 pages
[    0.000000] Initmem setup node 0 [mem 0x0000000000001000-0x00000000c17effff]
[    0.000000] ACPI: PM-Timer IO Port: 0x4008
[    0.000000] IOAPIC[0]: apic_id 2, version 32, address 0xfec00000, GSI 0-23
[    0.000000] ACPI: INT_SRC_OVR (bus 0 bus_irq 0 global_irq 2 dfl dfl)
[    0.000000] ACPI: INT_SRC_OVR (bus 0 bus_irq 9 global_irq 9 low level)
[    0.000000] Using ACPI (MADT) for SMP configuration information
[    0.000000] smpboot: Allowing 2 CPUs, 0 hotplug CPUs
[    0.000000] PM: Registered nosave memory: [mem 0x00000000-0x00000fff]
[    0.000000] PM: Registered nosave memory: [mem 0x0009f000-0x0009ffff]
[    0.000000] PM: Registered nosave memory: [mem 0x000a0000-0x000effff]
[    0.000000] PM: Registered nosave memory: [mem 0x000f0000-0x000fffff]
[    0.000000] e820: [mem 0xc1800000-0xfebfffff] available for PCI devices
[    0.000000] Booting paravirtualized kernel on KVM
[    0.000000] clocksource: refined-jiffies: mask: 0xffffffff max_cycles: 0xffffffff, max_idle_ns: 7645519600211568 ns
[    0.000000] random: get_random_bytes called from start_kernel+0x99/0x4fd with crng_init=0
[    0.000000] setup_percpu: NR_CPUS:8192 nr_cpumask_bits:2 nr_cpu_ids:2 nr_node_ids:1
[    0.000000] percpu: Embedded 45 pages/cpu s147456 r8192 d28672 u1048576
[    0.000000] PV qspinlock hash table entries: 256 (order: 0, 4096 bytes)
[    0.000000] Built 1 zonelists, mobility grouping on.  Total pages: 780057
[    0.000000] Policy zone: DMA32
[    0.000000] Kernel command line: BOOT_IMAGE=/boot/vmlinuz-4.15.0-74-generic root=LABEL=cloudimg-rootfs ro console=tty1 console=ttyS0
[    0.000000] Memory: 3069996K/3169848K available (12300K kernel code, 2481K rwdata, 4260K rodata, 2428K init, 2704K bss, 99852K reserved, 0K cma-reserved)
[    0.000000] SLUB: HWalign=64, Order=0-3, MinObjects=0, CPUs=2, Nodes=1
[    0.000000] Kernel/User page tables isolation: enabled
[    0.000000] ftrace: allocating 39322 entries in 154 pages
[    0.004000] Hierarchical RCU implementation.
[    0.004000] 	RCU restricting CPUs from NR_CPUS=8192 to nr_cpu_ids=2.
[    0.004000] 	Tasks RCU enabled.
[    0.004000] RCU: Adjusting geometry for rcu_fanout_leaf=16, nr_cpu_ids=2
[    0.004000] NR_IRQS: 524544, nr_irqs: 440, preallocated irqs: 16
[    0.004000] Console: colour VGA+ 80x25
[    0.004000] console [tty1] enabled
[    0.004000] console [ttyS0] enabled
[    0.004000] ACPI: Core revision 20170831
[    0.004000] ACPI: 2 ACPI AML tables successfully acquired and loaded
[    0.004000] APIC: Switch to symmetric I/O mode setup
[    0.004000] x2apic enabled
[    0.004000] Switched APIC routing to physical x2apic.
[    0.004000] ..TIMER: vector=0x30 apic1=0 pin1=2 apic2=-1 pin2=-1
[    0.004005] tsc: Detected 2594.110 MHz processor
[    0.005546] Calibrating delay loop (skipped) preset value.. 5188.22 BogoMIPS (lpj=10376440)
[    0.008007] pid_max: default: 32768 minimum: 301
[    0.009158] Security Framework initialized
[    0.010331] Yama: becoming mindful.
[    0.012030] AppArmor: AppArmor initialized
[    0.016000] Dentry cache hash table entries: 524288 (order: 10, 4194304 bytes)
[    0.020000] Inode-cache hash table entries: 262144 (order: 9, 2097152 bytes)
[    0.020034] Mount-cache hash table entries: 8192 (order: 4, 65536 bytes)
[    0.021485] Mountpoint-cache hash table entries: 8192 (order: 4, 65536 bytes)
[    0.024056] Last level iTLB entries: 4KB 512, 2MB 8, 4MB 8
[    0.025332] Last level dTLB entries: 4KB 512, 2MB 32, 4MB 32, 1GB 0
[    0.026457] Spectre V1 : Mitigation: usercopy/swapgs barriers and __user pointer sanitization
[    0.028003] Spectre V2 : Mitigation: Full generic retpoline
[    0.029075] Spectre V2 : Spectre v2 / SpectreRSB mitigation: Filling RSB on context switch
[    0.030591] Speculative Store Bypass: Vulnerable
[    0.032032] MDS: Vulnerable: Clear CPU buffers attempted, no microcode
[    0.033382] Freeing SMP alternatives memory: 36K
[    0.144101] smpboot: CPU0: Intel(R) Core(TM) i5-3320M CPU @ 2.60GHz (family: 0x6, model: 0x3a, stepping: 0x9)
[    0.146520] Performance Events: unsupported p6 CPU model 58 no PMU driver, software events only.
[    0.148064] Hierarchical SRCU implementation.
[    0.149701] NMI watchdog: Perf event create on CPU 0 failed with -2
[    0.152015] NMI watchdog: Perf NMI watchdog permanently disabled
[    0.153257] smp: Bringing up secondary CPUs ...
[    0.156000] x86: Booting SMP configuration:
[    0.156005] .... node  #0, CPUs:      #1
[    0.004000] kvm-clock: cpu 1, msr 0:c1744041, secondary cpu clock
[    0.164027] smp: Brought up 1 node, 2 CPUs
[    0.164979] smpboot: Max logical packages: 1
[    0.165999] smpboot: Total of 2 processors activated (10376.44 BogoMIPS)
[    0.168171] devtmpfs: initialized
[    0.168717] x86/mm: Memory block size: 128MB
[    0.169776] evm: security.selinux
[    0.172004] evm: security.SMACK64
[    0.172641] evm: security.SMACK64EXEC
[    0.173333] evm: security.SMACK64TRANSMUTE
[    0.174112] evm: security.SMACK64MMAP
[    0.174800] evm: security.apparmor
[    0.175458] evm: security.ima
[    0.176000] evm: security.capability
[    0.176104] clocksource: jiffies: mask: 0xffffffff max_cycles: 0xffffffff, max_idle_ns: 7645041785100000 ns
[    0.177752] futex hash table entries: 512 (order: 3, 32768 bytes)
[    0.178970] pinctrl core: initialized pinctrl subsystem
[    0.180108] RTC time: 10:49:13, date: 01/30/20
[    0.181176] NET: Registered protocol family 16
[    0.182073] audit: initializing netlink subsys (disabled)
[    0.183077] audit: type=2000 audit(1580381359.606:1): state=initialized audit_enabled=0 res=1
[    0.184064] cpuidle: using governor ladder
[    0.184945] cpuidle: using governor menu
[    0.185818] ACPI: bus type PCI registered
[    0.188011] acpiphp: ACPI Hot Plug PCI Controller Driver version: 0.5
[    0.189347] PCI: Using configuration type 1 for base access
[    0.190390] HugeTLB registered 2.00 MiB page size, pre-allocated 0 pages
[    0.192080] ACPI: Added _OSI(Module Device)
[    0.192874] ACPI: Added _OSI(Processor Device)
[    0.193688] ACPI: Added _OSI(3.0 _SCP Extensions)
[    0.194604] ACPI: Added _OSI(Processor Aggregator Device)
[    0.196004] ACPI: Added _OSI(Linux-Dell-Video)
[    0.196838] ACPI: Added _OSI(Linux-Lenovo-NV-HDMI-Audio)
[    0.197798] ACPI: Added _OSI(Linux-HPI-Hybrid-Graphics)
[    0.200019] ACPI: Executed 1 blocks of module-level executable AML code
[    0.205122] ACPI: Interpreter enabled
[    0.205970] ACPI: (supports S0 S5)
[    0.206745] ACPI: Using IOAPIC for interrupt routing
[    0.208000] PCI: Using host bridge windows from ACPI; if necessary, use "pci=nocrs" and report a bug
[    0.208243] ACPI: Enabled 2 GPEs in block 00 to 07
[    0.220060] ACPI: PCI Root Bridge [PCI0] (domain 0000 [bus 00-ff])
[    0.221462] acpi PNP0A03:00: _OSC: OS supports [ASPM ClockPM Segments MSI]
[    0.223938] acpi PNP0A03:00: _OSC: not requesting OS control; OS requires [ExtendedConfig ASPM ClockPM MSI]
[    0.224025] acpi PNP0A03:00: fail to add MMCONFIG information, can't access extended PCI configuration space under this bridge.
[    0.228474] PCI host bridge to bus 0000:00
[    0.229382] pci_bus 0000:00: root bus resource [io  0x0000-0x0cf7 window]
[    0.231318] pci_bus 0000:00: root bus resource [io  0x0d00-0xffff window]
[    0.232012] pci_bus 0000:00: root bus resource [mem 0x000a0000-0x000bffff window]
[    0.233983] pci_bus 0000:00: root bus resource [mem 0xc1800000-0xfdffffff window]
[    0.236005] pci_bus 0000:00: root bus resource [bus 00-ff]
[    0.241947] pci 0000:00:01.1: legacy IDE quirk: reg 0x10: [io  0x01f0-0x01f7]
[    0.243510] pci 0000:00:01.1: legacy IDE quirk: reg 0x14: [io  0x03f6]
[    0.244005] pci 0000:00:01.1: legacy IDE quirk: reg 0x18: [io  0x0170-0x0177]
[    0.245684] pci 0000:00:01.1: legacy IDE quirk: reg 0x1c: [io  0x0376]
[    0.289345] pci 0000:00:07.0: quirk: [io  0x4000-0x403f] claimed by PIIX4 ACPI
[    0.292020] pci 0000:00:07.0: quirk: [io  0x4100-0x410f] claimed by PIIX4 SMB
[    0.321102] ACPI: PCI Interrupt Link [LNKA] (IRQs 5 9 10 *11)
[    0.322866] ACPI: PCI Interrupt Link [LNKB] (IRQs 5 9 *10 11)
[    0.324088] ACPI: PCI Interrupt Link [LNKC] (IRQs 5 *9 10 11)
[    0.325496] ACPI: PCI Interrupt Link [LNKD] (IRQs 5 9 10 *11)
[    0.327753] SCSI subsystem initialized
[    0.328060] pci 0000:00:02.0: vgaarb: setting as boot VGA device
[    0.329344] pci 0000:00:02.0: vgaarb: VGA device added: decodes=io+mem,owns=io+mem,locks=none
[    0.331264] pci 0000:00:02.0: vgaarb: bridge control possible
[    0.332007] vgaarb: loaded
[    0.332756] ACPI: bus type USB registered
[    0.334203] usbcore: registered new interface driver usbfs
[    0.336032] usbcore: registered new interface driver hub
[    0.337448] usbcore: registered new device driver usb
[    0.340087] EDAC MC: Ver: 3.0.0
[    0.341111] PCI: Using ACPI for IRQ routing
[    0.341271] NetLabel: Initializing
[    0.342114] NetLabel:  domain hash size = 128
[    0.344005] NetLabel:  protocols = UNLABELED CIPSOv4 CALIPSO
[    0.345173] NetLabel:  unlabeled traffic allowed by default
[    0.346585] clocksource: Switched to clocksource kvm-clock
[    0.394197] VFS: Disk quotas dquot_6.6.0
[    0.395120] VFS: Dquot-cache hash table entries: 512 (order 0, 4096 bytes)
[    0.396742] AppArmor: AppArmor Filesystem Enabled
[    0.397794] pnp: PnP ACPI init
[    0.399761] pnp: PnP ACPI: found 3 devices
[    0.411107] clocksource: acpi_pm: mask: 0xffffff max_cycles: 0xffffff, max_idle_ns: 2085701024 ns
[    0.413034] NET: Registered protocol family 2
[    0.414246] TCP established hash table entries: 32768 (order: 6, 262144 bytes)
[    0.415765] TCP bind hash table entries: 32768 (order: 7, 524288 bytes)
[    0.417007] TCP: Hash tables configured (established 32768 bind 32768)
[    0.418211] UDP hash table entries: 2048 (order: 4, 65536 bytes)
[    0.419297] UDP-Lite hash table entries: 2048 (order: 4, 65536 bytes)
[    0.420500] NET: Registered protocol family 1
[    0.421315] pci 0000:00:00.0: Limiting direct PCI/PCI transfers
[    0.422407] pci 0000:00:01.0: Activating ISA DMA hang workarounds
[    0.423569] pci 0000:00:02.0: Video device with shadowed ROM at [mem 0x000c0000-0x000dffff]
[    0.425205] Unpacking initramfs...
[    0.989623] Freeing initrd memory: 19196K
[    0.990678] clocksource: tsc: mask: 0xffffffffffffffff max_cycles: 0x25648013570, max_idle_ns: 440795335968 ns
[    0.993081] platform rtc_cmos: registered platform RTC device (no PNP device found)
[    0.995182] Scanning for low memory corruption every 60 seconds
[    0.997483] Initialise system trusted keyrings
[    0.998553] Key type blacklist registered
[    0.999693] workingset: timestamp_bits=36 max_order=20 bucket_order=0
[    1.002019] zbud: loaded
[    1.003208] squashfs: version 4.0 (2009/01/31) Phillip Lougher
[    1.004826] fuse init (API version 7.26)
[    1.008861] Key type asymmetric registered
[    1.009839] Asymmetric key parser 'x509' registered
[    1.010994] Block layer SCSI generic (bsg) driver version 0.4 loaded (major 246)
[    1.012816] io scheduler noop registered
[    1.013581] io scheduler deadline registered
[    1.014415] io scheduler cfq registered (default)
[    1.015679] ACPI: AC Adapter [AC] (off-line)
[    1.016666] input: Power Button as /devices/LNXSYSTM:00/LNXPWRBN:00/input/input0
[    1.018096] ACPI: Power Button [PWRF]
[    1.019045] input: Sleep Button as /devices/LNXSYSTM:00/LNXSLPBN:00/input/input1
[    1.020725] ACPI: Sleep Button [SLPF]
[    1.022745] ACPI: Battery Slot [BAT0] (battery present)
[    1.024236] Serial: 8250/16550 driver, 32 ports, IRQ sharing enabled
[    1.047762] 00:02: ttyS0 at I/O 0x3f8 (irq = 4, base_baud = 115200) is a 16550A
[    1.050794] Linux agpgart interface v0.103
[    1.052899] loop: module loaded
[    1.054376] scsi host0: ata_piix
[    1.055362] scsi host1: ata_piix
[    1.056111] ata1: PATA max UDMA/33 cmd 0x1f0 ctl 0x3f6 bmdma 0xd000 irq 14
[    1.057418] ata2: PATA max UDMA/33 cmd 0x170 ctl 0x376 bmdma 0xd008 irq 15
[    1.059004] libphy: Fixed MDIO Bus: probed
[    1.059921] tun: Universal TUN/TAP device driver, 1.6
[    1.061117] PPP generic driver version 2.4.2
[    1.062163] ehci_hcd: USB 2.0 'Enhanced' Host Controller (EHCI) Driver
[    1.063384] ehci-pci: EHCI PCI platform driver
[    1.064248] ehci-platform: EHCI generic platform driver
[    1.065197] ohci_hcd: USB 1.1 'Open' Host Controller (OHCI) Driver
[    1.066290] ohci-pci: OHCI PCI platform driver
[    1.067115] ohci-platform: OHCI generic platform driver
[    1.068058] uhci_hcd: USB Universal Host Controller Interface driver
[    1.069332] i8042: PNP: PS/2 Controller [PNP0303:PS2K,PNP0f03:PS2M] at 0x60,0x64 irq 1,12
[    1.071341] serio: i8042 KBD port at 0x60,0x64 irq 1
[    1.072331] serio: i8042 AUX port at 0x60,0x64 irq 12
[    1.073316] mousedev: PS/2 mouse device common for all mice
[    1.074589] input: AT Translated Set 2 keyboard as /devices/platform/i8042/serio0/input/input2
[    1.076532] rtc_cmos rtc_cmos: rtc core: registered rtc_cmos as rtc0
[    1.077708] rtc_cmos rtc_cmos: alarms up to one day, 114 bytes nvram
[    1.078835] i2c /dev entries driver
[    1.079559] device-mapper: uevent: version 1.0.3
[    1.080502] device-mapper: ioctl: 4.37.0-ioctl (2017-09-20) initialised: dm-devel@redhat.com
[    1.082078] ledtrig-cpu: registered to indicate activity on CPUs
[    1.083747] NET: Registered protocol family 10
[    1.088113] Segment Routing with IPv6
[    1.088855] NET: Registered protocol family 17
[    1.089787] Key type dns_resolver registered
[    1.090796] mce: Using 0 MCE banks
[    1.091471] RAS: Correctable Errors collector initialized.
[    1.092586] sched_clock: Marking stable (1092568681, 0)->(1508856643, -416287962)
[    1.094246] registered taskstats version 1
[    1.095028] Loading compiled-in X.509 certificates
[    1.098492] Loaded X.509 cert 'Build time autogenerated kernel key: 62d24f9c726e026b112735485dad6e6e4b50c923'
[    1.100419] zswap: loaded using pool lzo/zbud
[    1.104727] Key type big_key registered
[    1.105617] Key type trusted registered
[    1.108216] Key type encrypted registered
[    1.108994] AppArmor: AppArmor sha1 policy hashing enabled
[    1.109986] ima: No TPM chip found, activating TPM-bypass! (rc=-19)
[    1.111102] ima: Allocated hash algorithm: sha1
[    1.111943] evm: HMAC attrs: 0x1
[    1.112958]   Magic number: 4:72:832
[    1.113733] rtc_cmos rtc_cmos: setting system clock to 2020-01-30 10:49:14 UTC (1580381354)
[    1.115425] BIOS EDD facility v0.16 2004-Jun-25, 0 devices found
[    1.116566] EDD information not available.
[    1.226885] Freeing unused kernel image memory: 2428K
[    1.240828] Write protecting the kernel read-only data: 20480k
[    1.245994] Freeing unused kernel image memory: 2008K
[    1.249642] Freeing unused kernel image memory: 1884K
[    1.271207] x86/mm: Checked W+X mappings: passed, no W+X pages found.
[    1.274776] x86/mm: Checking user space page tables
[    1.294688] x86/mm: Checked W+X mappings: passed, no W+X pages found.
Loading, please wait...
starting version 237
[    1.402780] e1000: Intel(R) PRO/1000 Network Driver - version 7.3.21-k8-NAPI
[    1.406062] e1000: Copyright (c) 1999-2006 Intel Corporation.
[    1.410340] Fusion MPT base driver 3.04.20
[    1.411411] Copyright (c) 1999-2008 LSI Corporation
[    1.427065] Fusion MPT SPI Host driver 3.04.20
[    1.441372] AVX version of gcm_enc/dec engaged.
[    1.442418] AES CTR mode by8 optimization enabled
[    1.643056] input: ImExPS/2 Generic Explorer Mouse as /devices/platform/i8042/serio1/input/input4
[    2.049144] e1000 0000:00:03.0 eth0: (PCI:33MHz:32-bit) 02:6d:68:ec:b8:1e
[    2.053980] e1000 0000:00:03.0 eth0: Intel(R) PRO/1000 Network Connection
[    2.061132] mptbase: ioc0: Initiating bringup
[    2.369376] ioc0: LSI53C1030 A0: Capabilities={Initiator}
[    4.029149] scsi host2: ioc0: LSI53C1030 A0, FwRev=00000000h, Ports=1, MaxQ=256, IRQ=20
[    4.389776] scsi 2:0:0:0: Direct-Access     VBOX     HARDDISK         1.0  PQ: 0 ANSI: 5
[    4.432090] scsi target2:0:0: Beginning Domain Validation
[    4.439016] scsi target2:0:0: Domain Validation skipping write tests
[    4.443198] scsi target2:0:0: Ending Domain Validation
[    4.446700] scsi target2:0:0: asynchronous
[    4.451174] scsi 2:0:1:0: Direct-Access     VBOX     HARDDISK         1.0  PQ: 0 ANSI: 5
[    4.796825] scsi target2:0:1: Beginning Domain Validation
[    4.799989] random: fast init done
[    4.800954] scsi target2:0:1: Domain Validation skipping write tests
[    4.802083] scsi target2:0:1: Ending Domain Validation
[    4.803072] scsi target2:0:1: asynchronous
[    4.808043] random: systemd-udevd: uninitialized urandom read (16 bytes read)
[    4.808249] sd 2:0:0:0: [sda] 20971520 512-byte logical blocks: (10.7 GB/10.0 GiB)
[    4.809600] random: systemd-udevd: uninitialized urandom read (16 bytes read)
[    4.811406] sd 2:0:0:0: [sda] Write Protect is off
[    4.812643] random: systemd-udevd: uninitialized urandom read (16 bytes read)
[    4.815221] sd 2:0:0:0: Attached scsi generic sg0 type 0
[    4.816381] sd 2:0:0:0: [sda] Incomplete mode parameter data
[    4.817556] sd 2:0:0:0: [sda] Assuming drive cache: write through
[    4.819128] sd 2:0:1:0: [sdb] 20480 512-byte logical blocks: (10.5 MB/10.0 MiB)
[    4.821005] sd 2:0:1:0: Attached scsi generic sg1 type 0
[    4.822252] sd 2:0:1:0: [sdb] Write Protect is off
[    4.823569] sd 2:0:1:0: [sdb] Incomplete mode parameter data
[    4.824942] sd 2:0:1:0: [sdb] Assuming drive cache: write through
[    4.827019]  sda: sda1
[    4.832419] sd 2:0:0:0: [sda] Attached SCSI disk
[    4.834897] sd 2:0:1:0: [sdb] Attached SCSI disk
[    4.841878] e1000 0000:00:08.0 eth1: (PCI:33MHz:32-bit) 08:00:27:ff:17:b0
[    4.843497] e1000 0000:00:08.0 eth1: Intel(R) PRO/1000 Network Connection
[    4.846122] e1000 0000:00:03.0 enp0s3: renamed from eth0
[    4.860559] e1000 0000:00:08.0 enp0s8: renamed from eth1
Begin: Loading essential drivers ... [    6.372256] raid6: sse2x1   gen()  8102 MB/s
[    6.420068] raid6: sse2x1   xor()  6371 MB/s
[    6.468424] raid6: sse2x2   gen() 10650 MB/s
[    6.516264] raid6: sse2x2   xor()  6907 MB/s
[    6.564103] raid6: sse2x4   gen() 12737 MB/s
[    6.612391] raid6: sse2x4   xor()  8590 MB/s
[    6.613407] raid6: using algorithm sse2x4 gen() 12737 MB/s
[    6.614527] raid6: .... xor() 8590 MB/s, rmw enabled
[    6.615430] raid6: using ssse3x2 recovery algorithm
[    6.618150] xor: automatically using best checksumming function   avx       
[    6.621423] async_tx: api initialized (async)
done.
Begin: Running /scripts/init-premount ... done.
Begin: Mounting root file system ... Begin: Running /scripts/local-top ... done.
Begin: Running /scripts/local-premount ... [    6.671944] Btrfs loaded, crc32c=crc32c-intel
Scanning for Btrfs filesystems
done.
Warning: fsck not present, so skipping root file system
[    6.705462] EXT4-fs (sda1): INFO: recovery required on readonly filesystem
[    6.707044] EXT4-fs (sda1): write access will be enabled during recovery
[    6.744977] EXT4-fs (sda1): recovery complete
[    6.746396] EXT4-fs (sda1): mounted filesystem with ordered data mode. Opts: (null)
done.
Begin: Running /scripts/local-bottom ... done.
Begin: Running /scripts/init-bottom ... done.
[    7.145829] ip_tables: (C) 2000-2006 Netfilter Core Team
[    7.171087] systemd[1]: systemd 237 running in system mode. (+PAM +AUDIT +SELINUX +IMA +APPARMOR +SMACK +SYSVINIT +UTMP +LIBCRYPTSETUP +GCRYPT +GNUTLS +ACL +XZ +LZ4 +SECCOMP +BLKID +ELFUTILS +KMOD -IDN2 +IDN -PCRE2 default-hierarchy=hybrid)
[    7.181950] systemd[1]: Detected virtualization oracle.
[    7.184699] systemd[1]: Detected architecture x86-64.

Welcome to [1mUbuntu 18.04.3 LTS[0m!

[    7.200315] systemd[1]: Set hostname to <vm>.
[    8.553003] systemd[1]: Set up automount Arbitrary Executable File Formats File System Automount Point.
[[0;32m  OK  [0m] Set up automount Arbitrary Executab…rmats File System Automount Point.
[    8.564955] systemd[1]: Created slice User and Session Slice.
[[0;32m  OK  [0m] Created slice User and Session Slice.
[    8.569952] systemd[1]: Reached target User and Group Name Lookups.
[[0;32m  OK  [0m] Reached target User and Group Name Lookups.
[    8.575164] systemd[1]: Reached target Swap.
[[0;32m  OK  [0m] Reached target Swap.
[    8.579441] systemd[1]: Created slice System Slice.
[[0;32m  OK  [0m] Created slice System Slice.
[    8.589883] systemd[1]: Listening on Journal Socket.
[[0;32m  OK  [0m] Listening on Journal Socket.
         Starting Create list of required st…ce nodes for the current kernel...
[[0;32m  OK  [0m] Listening on /dev/initctl Compatibility Named Pipe.
[[0;32m  OK  [0m] Listening on Network Service Netlink Socket.
         Mounting Huge Pages File System...
[[0;32m  OK  [0m] Created slice system-serial\x2dgetty.slice.
[[0;32m  OK  [0m] Listening on udev Kernel Socket.
         Starting Load Kernel Modules...
[[0;32m  OK  [0m] Listening on udev Control Socket.
         Starting udev Coldplug all Devices...
[[0;32m  OK  [0m] Listening on Journal Socket (/dev/log).
[[0;32m  OK  [0m] Listening on Journal Audit Socket.
         Starting Uncomplicated firewall...
[[0;32m  OK  [0m] Listening on Syslog Socket.
         Starting Journal Service...
[    8.730288] Loading iSCSI transport class v2.0-870.
[[0;32m  OK  [0m] Reached target Slices.
         Mounting POSIX Message Queue File System...
[[0;32m  OK  [0m] Reached target System Time Synchronized.
         Starting Remount Root and Kernel File Systems...
[[0;32m  OK  [0m] Listening on Device-mapper event daemon FIFOs.
[[0;32m  OK  [0m] Started Forward Password Requests to Wall Directory Watch.
[[0;32m  OK  [0m] Listening on LVM2 poll daemon socket.
         Starting Set the console keyboard layout...
[    8.790806] iscsi: registered transport (tcp)
         Mounting Kernel Debug File System...
[[0;32m  OK  [0m] Listening on LVM2 metadata daemon socket.
         Starting Monitoring of LVM2 mirrors…ng dmeventd or progress polling...
[    8.806563] EXT4-fs (sda1): re-mounted. Opts: (null)
[[0;32m  OK  [0m] Started Create list of required sta…vice nodes for the current kernel.
[[0;32m  OK  [0m] Mounted Huge Pages File System.
[[0;32m  OK  [0m] Started Uncomplicated firewall.
[[0;32m  OK  [0m] Mounted POSIX Message Queue File System.
[[0;32m  OK  [0m] Started Remount Root and Kernel File Systems.
[[0;32m  OK  [0m] Mounted Kernel Debug File System.
[    8.898478] iscsi: registered transport (iser)
         Starting Load/Save Random Seed...
         Starting Create Static Device Nodes in /dev...
[[0;32m  OK  [0m] Started Journal Service.
[[0;32m  OK  [0m] Started Load Kernel Modules.
[[0;32m  OK  [0m] Started udev Coldplug all Devices.
         Starting Apply Kernel Variables...
         Mounting FUSE Control File System...
         Mounting Kernel Configuration File System...
         Starting Flush Journal to Persistent Storage...
[[0;32m  OK  [0m] Mounted FUSE Control File System.
[[0;32m  OK  [0m] Mounted Kernel Configuration File System.
[[0;32m  OK  [0m] Started LVM2 metadata daemon.
[[0;32m  OK  [0m] Started Load/Save Random Seed.
[    9.092969] systemd-journald[398]: Received request to flush runtime journal from PID 1
[[0;32m  OK  [0m] Started Create Static Device Nodes in /dev.
         Starting udev Kernel Device Manager...
[[0;32m  OK  [0m] Started Apply Kernel Variables.
[[0;32m  OK  [0m] Started Monitoring of LVM2 mirrors,…sing dmeventd or progress polling.
[[0;32m  OK  [0m] Started udev Kernel Device Manager.
[[0;32m  OK  [0m] Started Flush Journal to Persistent Storage.
[[0;32m  OK  [0m] Found device /dev/ttyS0.
[[0;32m  OK  [0m] Listening on Load/Save RF Kill Switch Status /dev/rfkill Watch.
[[0;32m  OK  [0m] Started Set the console keyboard layout.
[[0;32m  OK  [0m] Reached target Local File Systems (Pre).
[[0;32m  OK  [0m] Reached target Local File Systems.
         Starting ebtables ruleset management...
         Starting AppArmor initialization...
         Starting Create Volatile Files and Directories...
         Starting Tell Plymouth To Write Out Runtime Data...
         Starting Set console font and keymap...
[[0;32m  OK  [0m] Started Dispatch Password Requests to Console Directory Watch.
[[0;32m  OK  [0m] Reached target Local Encrypted Volumes.
[[0;32m  OK  [0m] Started Tell Plymouth To Write Out Runtime Data.
[[0;32m  OK  [0m] Started Set console font and keymap.
[[0;32m  OK  [0m] Started Create Volatile Files and Directories.
         Starting Update UTMP about System Boot/Shutdown...
[[0;32m  OK  [0m] Started Update UTMP about System Boot/Shutdown.
[[0;32m  OK  [0m] Started ebtables ruleset management.
[[0;32m  OK  [0m] Started AppArmor initialization.
         Starting Initial cloud-init job (pre-networking)...
[   13.253749] cloud-init[690]: Cloud-init v. 19.3-41-gc4735dd3-0ubuntu1~18.04.1 running 'init-local' at Thu, 30 Jan 2020 10:49:26 +0000. Up 12.80 seconds.
[[0;32m  OK  [0m] Started Initial cloud-init job (pre-networking).
[[0;32m  OK  [0m] Reached target Network (Pre).
         Starting Network Service...
[[0;32m  OK  [0m] Started Network Service.
         Starting Network Name Resolution...
         Starting Wait for Network to be Configured...
[[0;32m  OK  [0m] Started Network Name Resolution.
[[0;32m  OK  [0m] Reached target Network.
[[0;32m  OK  [0m] Reached target Host and Network Name Lookups.
[[0;32m  OK  [0m] Started Wait for Network to be Configured.
         Starting Initial cloud-init job (metadata service crawler)...
[   15.503449] cloud-init[798]: Cloud-init v. 19.3-41-gc4735dd3-0ubuntu1~18.04.1 running 'init' at Thu, 30 Jan 2020 10:49:28 +0000. Up 15.33 seconds.
[   15.506154] cloud-init[798]: ci-info: ++++++++++++++++++++++++++++++++++++++Net device info+++++++++++++++++++++++++++++++++++++++
[   15.507745] cloud-init[798]: ci-info: +--------+------+-----------------------------+---------------+--------+-------------------+
[   15.509147] cloud-init[798]: ci-info: | Device |  Up  |           Address           |      Mask     | Scope  |     Hw-Address    |
[   15.524294] cloud-init[798]: ci-info: +--------+------+-----------------------------+---------------+--------+-------------------+
[   15.526574] cloud-init[798]: ci-info: | enp0s3 | True |          10.0.2.15          | 255.255.255.0 | global | 02:6d:68:ec:b8:1e |
[   15.528881] cloud-init[798]: ci-info: | enp0s3 | True |  fe80::6d:68ff:feec:b81e/64 |       .       |  link  | 02:6d:68:ec:b8:1e |
[   15.531169] cloud-init[798]: ci-info: | enp0s8 | True |        192.168.33.10        | 255.255.255.0 | global | 08:00:27:ff:17:b0 |
[   15.533361] cloud-init[798]: ci-info: | enp0s8 | True | fe80::a00:27ff:feff:17b0/64 |       .       |  link  | 08:00:27:ff:17:b0 |
[   15.535568] cloud-init[798]: ci-info: |   lo   | True |          127.0.0.1          |   255.0.0.0   |  host  |         .         |
[   15.537775] cloud-init[798]: ci-info: |   lo   | True |           ::1/128           |       .       |  host  |         .         |
[   15.539810] cloud-init[798]: ci-info: +--------+------+-----------------------------+---------------+--------+-------------------+
[   15.542010] cloud-init[798]: ci-info: +++++++++++++++++++++++++++++Route IPv4 info+++++++++++++++++++++++++++++
[   15.543761] cloud-init[798]: ci-info: +-------+--------------+----------+-----------------+-----------+-------+
[   15.545534] cloud-init[798]: ci-info: | Route | Destination  | Gateway  |     Genmask     | Interface | Flags |
[   15.547428] cloud-init[798]: ci-info: +-------+--------------+----------+-----------------+-----------+-------+
[   15.549225] cloud-init[798]: ci-info: |   0   |   0.0.0.0    | 10.0.2.2 |     0.0.0.0     |   enp0s3  |   UG  |
[   15.551020] cloud-init[798]: ci-info: |   1   |   10.0.2.0   | 0.0.0.0  |  255.255.255.0  |   enp0s3  |   U   |
[   15.553334] cloud-init[798]: ci-info: |   2   |   10.0.2.2   | 0.0.0.0  | 255.255.255.255 |   enp0s3  |   UH  |
[   15.554962] cloud-init[798]: ci-info: |   3   | 192.168.33.0 | 0.0.0.0  |  255.255.255.0  |   enp0s8  |   U   |
[   15.556592] cloud-init[798]: ci-info: +-------+--------------+----------+-----------------+-----------+-------+
[   15.558282] cloud-init[798]: ci-info: +++++++++++++++++++Route IPv6 info+++++++++++++++++++
[   15.560855] cloud-init[798]: ci-info: +-------+-------------+---------+-----------+-------+
[   15.583367] cloud-init[798]: ci-info: | Route | Destination | Gateway | Interface | Flags |
[   15.585326] cloud-init[798]: ci-info: +-------+-------------+---------+-----------+-------+
[   15.587106] cloud-init[798]: ci-info: |   1   |  fe80::/64  |    ::   |   enp0s8  |   U   |
[   15.588919] cloud-init[798]: ci-info: |   2   |  fe80::/64  |    ::   |   enp0s3  |   U   |
[   15.590717] cloud-init[798]: ci-info: |   4   |    local    |    ::   |   enp0s3  |   U   |
[   15.592544] cloud-init[798]: ci-info: |   5   |    local    |    ::   |   enp0s8  |   U   |
[   15.595091] cloud-init[798]: ci-info: |   6   |   ff00::/8  |    ::   |   enp0s8  |   U   |
[   15.596886] cloud-init[798]: ci-info: |   7   |   ff00::/8  |    ::   |   enp0s3  |   U   |
[   15.598733] cloud-init[798]: ci-info: +-------+-------------+---------+-----------+-------+
[[0;32m  OK  [0m] Started Initial cloud-init job (metadata service crawler).
[[0;32m  OK  [0m] Reached target Cloud-config availability.
[[0;32m  OK  [0m] Reached target Network is Online.
         Starting Availability of block devices...
[[0;32m  OK  [0m] Reached target Remote File Systems (Pre).
[[0;32m  OK  [0m] Reached target Remote File Systems.
[[0;32m  OK  [0m] Reached target System Initialization.
[[0;32m  OK  [0m] Listening on ACPID Listen Socket.
         Starting Socket activation for snappy daemon.
[[0;32m  OK  [0m] Started Discard unused blocks once a week.
[[0;32m  OK  [0m] Started Daily Cleanup of Temporary Directories.
         Starting LXD - unix socket.
[[0;32m  OK  [0m] Listening on Open-iSCSI iscsid Socket.
[[0;32m  OK  [0m] Started Message of the Day.
[[0;32m  OK  [0m] Started Daily apt download activities.
[[0;32m  OK  [0m] Started Daily apt upgrade and clean activities.
[[0;32m  OK  [0m] Reached target Timers.
[[0;32m  OK  [0m] Listening on UUID daemon activation socket.
[[0;32m  OK  [0m] Started ACPI Events Check.
[[0;32m  OK  [0m] Reached target Paths.
[[0;32m  OK  [0m] Listening on D-Bus System Message Bus Socket.
[[0;32m  OK  [0m] Started Availability of block devices.
[[0;32m  OK  [0m] Listening on Socket activation for snappy daemon.
[[0;32m  OK  [0m] Listening on LXD - unix socket.
[[0;32m  OK  [0m] Reached target Sockets.
[[0;32m  OK  [0m] Reached target Basic System.
         Starting Login Service...
[[0;32m  OK  [0m] Started D-Bus System Message Bus.
         Starting Virtualbox guest utils...
         Starting Dispatcher daemon for systemd-networkd...
         Starting Accounts Service...
[[0;32m  OK  [0m] Started irqbalance daemon.
[[0;32m  OK  [0m] Started Deferred execution scheduler.
         Starting LSB: automatic crash report generation...
[[0;32m  OK  [0m] Started FUSE filesystem for LXC.
[[0;32m  OK  [0m] Started Regular background program processing daemon.
         Starting LXD - container startup/shutdown...
         Starting LSB: Record successful boot for GRUB...
         Starting Permit User Sessions...
         Starting Confluence...
         Starting OpenBSD Secure Shell server...
         Starting System Logging Service...
         Starting Snappy daemon...
[[0;32m  OK  [0m] Started Permit User Sessions.
[[0;32m  OK  [0m] Started Login Service.
[[0;32m  OK  [0m] Started System Logging Service.
         Starting Authorization Manager...
[[0;32m  OK  [0m] Started Unattended Upgrades Shutdown.
         Starting Terminate Plymouth Boot Screen...
         Starting Hold until boot process finishes up...
[[0;32m  OK  [0m] Started Hold until boot process finishes up.
         Starting Set console scheme...
[[0;32m  OK  [0m] Started Serial Getty on ttyS0.
[[0;32m  OK  [0m] Started Terminate Plymouth Boot Screen.
[[0;32m  OK  [0m] Started Set console scheme.
[[0;32m  OK  [0m] Created slice system-getty.slice.
[[0;32m  OK  [0m] Started Getty on tty1.
[[0;32m  OK  [0m] Reached target Login Prompts.
[[0;32m  OK  [0m] Started LSB: automatic crash report generation.
[[0;32m  OK  [0m] Started Dispatcher daemon for systemd-networkd.
[[0;32m  OK  [0m] Started LSB: Record successful boot for GRUB.
[[0;32m  OK  [0m] Started OpenBSD Secure Shell server.
[[0;32m  OK  [0m] Started Authorization Manager.
[[0;32m  OK  [0m] Started Accounts Service.
[[0;32m  OK  [0m] Started Virtualbox guest utils.
[[0;32m  OK  [0m] Started LXD - container startup/shutdown.
[[0;32m  OK  [0m] Created slice User Slice of vagrant.
         Starting User Manager for UID 1000...
[[0;32m  OK  [0m] Started Session 1 of user vagrant.
[[0;32m  OK  [0m] Started User Manager for UID 1000.
[[0;32m  OK  [0m] Started Snappy daemon.
         Starting Wait until snapd is fully seeded...
[[0;32m  OK  [0m] Started Wait until snapd is fully seeded.
         Starting Apply the settings specified in cloud-config...
[   20.306267] cloud-init[1351]: Cloud-init v. 19.3-41-gc4735dd3-0ubuntu1~18.04.1 running 'modules:config' at Thu, 30 Jan 2020 10:49:33 +0000. Up 20.09 seconds.
[[0;32m  OK  [0m] Started Confluence.
[[0;32m  OK  [0m] Reached target Multi-User System.
[[0;32m  OK  [0m] Reached target Graphical Interface.
         Starting Update UTMP about System Runlevel Changes...
[[0;32m  OK  [0m] Started Update UTMP about System Runlevel Changes.
[[0;32m  OK  [0m] Started Apply the settings specified in cloud-config.
         Starting Execute cloud user/final scripts...
[   21.393473] cloud-init[1432]: Cloud-init v. 19.3-41-gc4735dd3-0ubuntu1~18.04.1 running 'modules:final' at Thu, 30 Jan 2020 10:49:34 +0000. Up 21.15 seconds.
[   21.395831] cloud-init[1432]: Cloud-init v. 19.3-41-gc4735dd3-0ubuntu1~18.04.1 finished at Thu, 30 Jan 2020 10:49:34 +0000. Datasource DataSourceNoCloud [seed=/dev/sdb][dsmode=net].  Up 21.38 seconds
[[0;32m  OK  [0m] Started Execute cloud user/final scripts.
[[0;32m  OK  [0m] Reached target Cloud-init target.

Ubuntu 18.04.3 LTS vm ttyS0

vm login: 